Using tensorboardX
Fix size testing.
training chunk_sizes: [8]
The output will be saved to  /home/station1/weidongtang/report/work2/FairMOT/src/lib/../../exp/mot/bdd100k_hrnet_18
Setting up data...
================================================================================
dataset summary
OrderedDict([('bdd100kmot_vehicle', 88793.0)])
total # identities: 88794
start index
OrderedDict([('bdd100kmot_vehicle', 0)])
================================================================================
heads {'hm': 1, 'wh': 4, 'id': 128, 'reg': 2}
Namespace(K=500, arch='hrnet_18', batch_size=8, cat_spec_wh=False, chunk_sizes=[8], conf_thres=0.4, data_cfg='../src/lib/cfg/bdd100k.json', data_dir='/home/station1/weidongtang/report/work2/FairMOT/dataset', dataset='jde', debug_dir='/home/station1/weidongtang/report/work2/FairMOT/src/lib/../../exp/mot/bdd100k_hrnet_18/debug', dense_wh=False, det_thres=0.3, down_ratio=4, exp_dir='/home/station1/weidongtang/report/work2/FairMOT/src/lib/../../exp/mot', exp_id='bdd100k_hrnet_18', fix_res=True, gpus=[0], gpus_str='0', head_conv=256, heads={'hm': 1, 'wh': 4, 'id': 128, 'reg': 2}, hide_data_time=False, hm_weight=1, id_loss='ce', id_weight=1, img_size=(1088, 608), input_h=1088, input_res=1088, input_video='../videos/MOT16-03.mp4', input_w=608, keep_res=False, load_model='/home/station1/weidongtang/report/work2/FairMOT/exp/mot/bdd100k_hrnet_18/model_last.pth', lr=0.0001, lr_step=[7, 9], ltrb=True, master_batch_size=8, mean=None, metric='loss', min_box_area=100, mse_loss=False, multi_loss='uncertainty', nID=88794, nms_thres=0.4, norm_wh=False, not_cuda_benchmark=False, not_prefetch_test=False, not_reg_offset=False, num_classes=1, num_epochs=10, num_iters=-1, num_stacks=1, num_workers=16, off_weight=1, output_format='video', output_h=272, output_res=272, output_root='../demos', output_w=152, pad=31, print_iter=0, reg_loss='l1', reg_offset=True, reid_dim=128, resume=True, root_dir='/home/station1/weidongtang/report/work2/FairMOT/src/lib/../..', save_all=False, save_dir='/home/station1/weidongtang/report/work2/FairMOT/src/lib/../../exp/mot/bdd100k_hrnet_18', seed=3047, std=None, task='mot', test=False, test_hie=False, test_mot15=False, test_mot16=False, test_mot17=False, test_mot20=False, track_buffer=30, trainval=False, val_hie=False, val_intervals=1, val_mot15=False, val_mot16=False, val_mot17=True, val_mot20=False, vis_thresh=0.5, wh_weight=0.1)
Creating model...
=> loading pretrained model ../models/hrnetv2_w18_imagenet_pretrained.pth
Starting training...
loaded /home/station1/weidongtang/report/work2/FairMOT/exp/mot/bdd100k_hrnet_18/model_last.pth, epoch 5
Resumed optimizer with start lr 0.0001
/home/station1/miniconda3/envs/FairMOT/lib/python3.8/site-packages/torch/nn/functional.py:3509: UserWarning: nn.functional.upsample is deprecated. Use nn.functional.interpolate instead.
  warnings.warn("nn.functional.upsample is deprecated. Use nn.functional.interpolate instead.")
/home/station1/miniconda3/envs/FairMOT/lib/python3.8/site-packages/torch/nn/functional.py:3631: UserWarning: Default upsampling behavior when mode=bilinear is changed to align_corners=False since 0.4.0. Please specify align_corners=True if the old behavior is desired. See the documentation of nn.Upsample for details.
  warnings.warn(
/home/station1/miniconda3/envs/FairMOT/lib/python3.8/site-packages/torch/nn/_reduction.py:42: UserWarning: size_average and reduce args will be deprecated, please use reduction='sum' instead.
  warnings.warn(warning.format(ret))
Drop LR to 1e-05
Drop LR to 1.0000000000000002e-06
